{"uid":"aa6f4eff06a2ed85","name":"test_TC_001_02_01_verify_temperature_switched_on_metric_system","fullName":"tests.test_group_trust_me_i_am_engineer.tests.tmie_main_page_test#test_TC_001_02_01_verify_temperature_switched_on_metric_system","historyId":"29f79089685a0afd893b3b300efe8e3e","time":{"start":1685322914887,"stop":1685322914958,"duration":71},"status":"broken","statusMessage":"selenium.common.exceptions.NoSuchElementException: Message: no such element: Unable to locate element: {\"method\":\"css selector\",\"selector\":\"div.current-temp span.heading\"}\n  (Session info: headless chrome=113.0.5672.63)\nStacktrace:\n#0 0x556ce3ad8133 <unknown>\n#1 0x556ce380c966 <unknown>\n#2 0x556ce38490dc <unknown>\n#3 0x556ce3849211 <unknown>\n#4 0x556ce38836c4 <unknown>\n#5 0x556ce3868bfd <unknown>\n#6 0x556ce38811c7 <unknown>\n#7 0x556ce38689a3 <unknown>\n#8 0x556ce383d46a <unknown>\n#9 0x556ce383e55e <unknown>\n#10 0x556ce3a97cae <unknown>\n#11 0x556ce3a9b8fe <unknown>\n#12 0x556ce3aa4f20 <unknown>\n#13 0x556ce3a9c923 <unknown>\n#14 0x556ce3a6fc0e <unknown>\n#15 0x556ce3abfb08 <unknown>\n#16 0x556ce3abfc97 <unknown>\n#17 0x556ce3ad0113 <unknown>\n#18 0x7f0703b02b43 <unknown>","statusTrace":"driver = <selenium.webdriver.chrome.webdriver.WebDriver (session=\"8f515eb57d73c5904e3e7be41581fca7\")>\nopen_and_load_main_page = None\n\n    def test_TC_001_02_01_verify_temperature_switched_on_metric_system(driver, open_and_load_main_page):\n        page = MainPage(driver)\n>       page.checking_the_temperature_system_switching(\"°C\")\n\ntests/test_group_trust_me_i_am_engineer/tests/tmie_main_page_test.py:10: \n_ _ _ _ _ _ _ _ _ _ _ _ _ _ _ _ _ _ _ _ _ _ _ _ _ _ _ _ _ _ _ _ _ _ _ _ _ _ _ _ \ntests/test_group_trust_me_i_am_engineer/pages/main_page.py:41: in checking_the_temperature_system_switching\n    current_temp = self.driver.find_element(*self.locators.CURRENT_TEMP)\n/opt/hostedtoolcache/Python/3.10.11/x64/lib/python3.10/site-packages/selenium/webdriver/remote/webdriver.py:831: in find_element\n    return self.execute(Command.FIND_ELEMENT, {\"using\": by, \"value\": value})[\"value\"]\n/opt/hostedtoolcache/Python/3.10.11/x64/lib/python3.10/site-packages/selenium/webdriver/remote/webdriver.py:440: in execute\n    self.error_handler.check_response(response)\n_ _ _ _ _ _ _ _ _ _ _ _ _ _ _ _ _ _ _ _ _ _ _ _ _ _ _ _ _ _ _ _ _ _ _ _ _ _ _ _ \n\nself = <selenium.webdriver.remote.errorhandler.ErrorHandler object at 0x7fc9ceebe260>\nresponse = {'status': 404, 'value': '{\"value\":{\"error\":\"no such element\",\"message\":\"no such element: Unable to locate element: {\\...\\\\n#16 0x556ce3abfc97 \\\\u003Cunknown>\\\\n#17 0x556ce3ad0113 \\\\u003Cunknown>\\\\n#18 0x7f0703b02b43 \\\\u003Cunknown>\\\\n\"}}'}\n\n    def check_response(self, response: Dict[str, Any]) -> None:\n        \"\"\"Checks that a JSON response from the WebDriver does not have an\n        error.\n    \n        :Args:\n         - response - The JSON response from the WebDriver server as a dictionary\n           object.\n    \n        :Raises: If the response contains an error message.\n        \"\"\"\n        status = response.get(\"status\", None)\n        if not status or status == ErrorCode.SUCCESS:\n            return\n        value = None\n        message = response.get(\"message\", \"\")\n        screen: str = response.get(\"screen\", \"\")\n        stacktrace = None\n        if isinstance(status, int):\n            value_json = response.get(\"value\", None)\n            if value_json and isinstance(value_json, str):\n                import json\n    \n                try:\n                    value = json.loads(value_json)\n                    if len(value) == 1:\n                        value = value[\"value\"]\n                    status = value.get(\"error\", None)\n                    if not status:\n                        status = value.get(\"status\", ErrorCode.UNKNOWN_ERROR)\n                        message = value.get(\"value\") or value.get(\"message\")\n                        if not isinstance(message, str):\n                            value = message\n                            message = message.get(\"message\")\n                    else:\n                        message = value.get(\"message\", None)\n                except ValueError:\n                    pass\n    \n        exception_class: Type[WebDriverException]\n        if status in ErrorCode.NO_SUCH_ELEMENT:\n            exception_class = NoSuchElementException\n        elif status in ErrorCode.NO_SUCH_FRAME:\n            exception_class = NoSuchFrameException\n        elif status in ErrorCode.NO_SUCH_SHADOW_ROOT:\n            exception_class = NoSuchShadowRootException\n        elif status in ErrorCode.NO_SUCH_WINDOW:\n            exception_class = NoSuchWindowException\n        elif status in ErrorCode.STALE_ELEMENT_REFERENCE:\n            exception_class = StaleElementReferenceException\n        elif status in ErrorCode.ELEMENT_NOT_VISIBLE:\n            exception_class = ElementNotVisibleException\n        elif status in ErrorCode.INVALID_ELEMENT_STATE:\n            exception_class = InvalidElementStateException\n        elif (\n            status in ErrorCode.INVALID_SELECTOR\n            or status in ErrorCode.INVALID_XPATH_SELECTOR\n            or status in ErrorCode.INVALID_XPATH_SELECTOR_RETURN_TYPER\n        ):\n            exception_class = InvalidSelectorException\n        elif status in ErrorCode.ELEMENT_IS_NOT_SELECTABLE:\n            exception_class = ElementNotSelectableException\n        elif status in ErrorCode.ELEMENT_NOT_INTERACTABLE:\n            exception_class = ElementNotInteractableException\n        elif status in ErrorCode.INVALID_COOKIE_DOMAIN:\n            exception_class = InvalidCookieDomainException\n        elif status in ErrorCode.UNABLE_TO_SET_COOKIE:\n            exception_class = UnableToSetCookieException\n        elif status in ErrorCode.TIMEOUT:\n            exception_class = TimeoutException\n        elif status in ErrorCode.SCRIPT_TIMEOUT:\n            exception_class = TimeoutException\n        elif status in ErrorCode.UNKNOWN_ERROR:\n            exception_class = WebDriverException\n        elif status in ErrorCode.UNEXPECTED_ALERT_OPEN:\n            exception_class = UnexpectedAlertPresentException\n        elif status in ErrorCode.NO_ALERT_OPEN:\n            exception_class = NoAlertPresentException\n        elif status in ErrorCode.IME_NOT_AVAILABLE:\n            exception_class = ImeNotAvailableException\n        elif status in ErrorCode.IME_ENGINE_ACTIVATION_FAILED:\n            exception_class = ImeActivationFailedException\n        elif status in ErrorCode.MOVE_TARGET_OUT_OF_BOUNDS:\n            exception_class = MoveTargetOutOfBoundsException\n        elif status in ErrorCode.JAVASCRIPT_ERROR:\n            exception_class = JavascriptException\n        elif status in ErrorCode.SESSION_NOT_CREATED:\n            exception_class = SessionNotCreatedException\n        elif status in ErrorCode.INVALID_ARGUMENT:\n            exception_class = InvalidArgumentException\n        elif status in ErrorCode.NO_SUCH_COOKIE:\n            exception_class = NoSuchCookieException\n        elif status in ErrorCode.UNABLE_TO_CAPTURE_SCREEN:\n            exception_class = ScreenshotException\n        elif status in ErrorCode.ELEMENT_CLICK_INTERCEPTED:\n            exception_class = ElementClickInterceptedException\n        elif status in ErrorCode.INSECURE_CERTIFICATE:\n            exception_class = InsecureCertificateException\n        elif status in ErrorCode.INVALID_COORDINATES:\n            exception_class = InvalidCoordinatesException\n        elif status in ErrorCode.INVALID_SESSION_ID:\n            exception_class = InvalidSessionIdException\n        elif status in ErrorCode.UNKNOWN_METHOD:\n            exception_class = UnknownMethodException\n        else:\n            exception_class = WebDriverException\n        if not value:\n            value = response[\"value\"]\n        if isinstance(value, str):\n            raise exception_class(value)\n        if message == \"\" and \"message\" in value:\n            message = value[\"message\"]\n    \n        screen = None  # type: ignore[assignment]\n        if \"screen\" in value:\n            screen = value[\"screen\"]\n    \n        stacktrace = None\n        st_value = value.get(\"stackTrace\") or value.get(\"stacktrace\")\n        if st_value:\n            if isinstance(st_value, str):\n                stacktrace = st_value.split(\"\\n\")\n            else:\n                stacktrace = []\n                try:\n                    for frame in st_value:\n                        line = frame.get(\"lineNumber\", \"\")\n                        file = frame.get(\"fileName\", \"<anonymous>\")\n                        if line:\n                            file = f\"{file}:{line}\"\n                        meth = frame.get(\"methodName\", \"<anonymous>\")\n                        if \"className\" in frame:\n                            meth = f\"{frame['className']}.{meth}\"\n                        msg = \"    at %s (%s)\"\n                        msg = msg % (meth, file)\n                        stacktrace.append(msg)\n                except TypeError:\n                    pass\n        if exception_class == UnexpectedAlertPresentException:\n            alert_text = None\n            if \"data\" in value:\n                alert_text = value[\"data\"].get(\"text\")\n            elif \"alert\" in value:\n                alert_text = value[\"alert\"].get(\"text\")\n            raise exception_class(message, screen, stacktrace, alert_text)  # type: ignore[call-arg]  # mypy is not smart enough here\n>       raise exception_class(message, screen, stacktrace)\nE       selenium.common.exceptions.NoSuchElementException: Message: no such element: Unable to locate element: {\"method\":\"css selector\",\"selector\":\"div.current-temp span.heading\"}\nE         (Session info: headless chrome=113.0.5672.63)\nE       Stacktrace:\nE       #0 0x556ce3ad8133 <unknown>\nE       #1 0x556ce380c966 <unknown>\nE       #2 0x556ce38490dc <unknown>\nE       #3 0x556ce3849211 <unknown>\nE       #4 0x556ce38836c4 <unknown>\nE       #5 0x556ce3868bfd <unknown>\nE       #6 0x556ce38811c7 <unknown>\nE       #7 0x556ce38689a3 <unknown>\nE       #8 0x556ce383d46a <unknown>\nE       #9 0x556ce383e55e <unknown>\nE       #10 0x556ce3a97cae <unknown>\nE       #11 0x556ce3a9b8fe <unknown>\nE       #12 0x556ce3aa4f20 <unknown>\nE       #13 0x556ce3a9c923 <unknown>\nE       #14 0x556ce3a6fc0e <unknown>\nE       #15 0x556ce3abfb08 <unknown>\nE       #16 0x556ce3abfc97 <unknown>\nE       #17 0x556ce3ad0113 <unknown>\nE       #18 0x7f0703b02b43 <unknown>\n\n/opt/hostedtoolcache/Python/3.10.11/x64/lib/python3.10/site-packages/selenium/webdriver/remote/errorhandler.py:245: NoSuchElementException","flaky":false,"newFailed":false,"newBroken":true,"newPassed":false,"retriesCount":0,"retriesStatusChange":false,"beforeStages":[{"name":"driver","time":{"start":1685322906255,"stop":1685322907051,"duration":796},"status":"passed","steps":[],"attachments":[],"parameters":[],"stepsCount":0,"attachmentsCount":0,"shouldDisplayMessage":false,"hasContent":false},{"name":"wait","time":{"start":1685322907051,"stop":1685322907051,"duration":0},"status":"passed","steps":[],"attachments":[],"parameters":[],"stepsCount":0,"attachmentsCount":0,"shouldDisplayMessage":false,"hasContent":false},{"name":"open_and_load_main_page","time":{"start":1685322907052,"stop":1685322914886,"duration":7834},"status":"passed","steps":[],"attachments":[],"parameters":[],"stepsCount":0,"attachmentsCount":0,"shouldDisplayMessage":false,"hasContent":false}],"testStage":{"status":"broken","statusMessage":"selenium.common.exceptions.NoSuchElementException: Message: no such element: Unable to locate element: {\"method\":\"css selector\",\"selector\":\"div.current-temp span.heading\"}\n  (Session info: headless chrome=113.0.5672.63)\nStacktrace:\n#0 0x556ce3ad8133 <unknown>\n#1 0x556ce380c966 <unknown>\n#2 0x556ce38490dc <unknown>\n#3 0x556ce3849211 <unknown>\n#4 0x556ce38836c4 <unknown>\n#5 0x556ce3868bfd <unknown>\n#6 0x556ce38811c7 <unknown>\n#7 0x556ce38689a3 <unknown>\n#8 0x556ce383d46a <unknown>\n#9 0x556ce383e55e <unknown>\n#10 0x556ce3a97cae <unknown>\n#11 0x556ce3a9b8fe <unknown>\n#12 0x556ce3aa4f20 <unknown>\n#13 0x556ce3a9c923 <unknown>\n#14 0x556ce3a6fc0e <unknown>\n#15 0x556ce3abfb08 <unknown>\n#16 0x556ce3abfc97 <unknown>\n#17 0x556ce3ad0113 <unknown>\n#18 0x7f0703b02b43 <unknown>","statusTrace":"driver = <selenium.webdriver.chrome.webdriver.WebDriver (session=\"8f515eb57d73c5904e3e7be41581fca7\")>\nopen_and_load_main_page = None\n\n    def test_TC_001_02_01_verify_temperature_switched_on_metric_system(driver, open_and_load_main_page):\n        page = MainPage(driver)\n>       page.checking_the_temperature_system_switching(\"°C\")\n\ntests/test_group_trust_me_i_am_engineer/tests/tmie_main_page_test.py:10: \n_ _ _ _ _ _ _ _ _ _ _ _ _ _ _ _ _ _ _ _ _ _ _ _ _ _ _ _ _ _ _ _ _ _ _ _ _ _ _ _ \ntests/test_group_trust_me_i_am_engineer/pages/main_page.py:41: in checking_the_temperature_system_switching\n    current_temp = self.driver.find_element(*self.locators.CURRENT_TEMP)\n/opt/hostedtoolcache/Python/3.10.11/x64/lib/python3.10/site-packages/selenium/webdriver/remote/webdriver.py:831: in find_element\n    return self.execute(Command.FIND_ELEMENT, {\"using\": by, \"value\": value})[\"value\"]\n/opt/hostedtoolcache/Python/3.10.11/x64/lib/python3.10/site-packages/selenium/webdriver/remote/webdriver.py:440: in execute\n    self.error_handler.check_response(response)\n_ _ _ _ _ _ _ _ _ _ _ _ _ _ _ _ _ _ _ _ _ _ _ _ _ _ _ _ _ _ _ _ _ _ _ _ _ _ _ _ \n\nself = <selenium.webdriver.remote.errorhandler.ErrorHandler object at 0x7fc9ceebe260>\nresponse = {'status': 404, 'value': '{\"value\":{\"error\":\"no such element\",\"message\":\"no such element: Unable to locate element: {\\...\\\\n#16 0x556ce3abfc97 \\\\u003Cunknown>\\\\n#17 0x556ce3ad0113 \\\\u003Cunknown>\\\\n#18 0x7f0703b02b43 \\\\u003Cunknown>\\\\n\"}}'}\n\n    def check_response(self, response: Dict[str, Any]) -> None:\n        \"\"\"Checks that a JSON response from the WebDriver does not have an\n        error.\n    \n        :Args:\n         - response - The JSON response from the WebDriver server as a dictionary\n           object.\n    \n        :Raises: If the response contains an error message.\n        \"\"\"\n        status = response.get(\"status\", None)\n        if not status or status == ErrorCode.SUCCESS:\n            return\n        value = None\n        message = response.get(\"message\", \"\")\n        screen: str = response.get(\"screen\", \"\")\n        stacktrace = None\n        if isinstance(status, int):\n            value_json = response.get(\"value\", None)\n            if value_json and isinstance(value_json, str):\n                import json\n    \n                try:\n                    value = json.loads(value_json)\n                    if len(value) == 1:\n                        value = value[\"value\"]\n                    status = value.get(\"error\", None)\n                    if not status:\n                        status = value.get(\"status\", ErrorCode.UNKNOWN_ERROR)\n                        message = value.get(\"value\") or value.get(\"message\")\n                        if not isinstance(message, str):\n                            value = message\n                            message = message.get(\"message\")\n                    else:\n                        message = value.get(\"message\", None)\n                except ValueError:\n                    pass\n    \n        exception_class: Type[WebDriverException]\n        if status in ErrorCode.NO_SUCH_ELEMENT:\n            exception_class = NoSuchElementException\n        elif status in ErrorCode.NO_SUCH_FRAME:\n            exception_class = NoSuchFrameException\n        elif status in ErrorCode.NO_SUCH_SHADOW_ROOT:\n            exception_class = NoSuchShadowRootException\n        elif status in ErrorCode.NO_SUCH_WINDOW:\n            exception_class = NoSuchWindowException\n        elif status in ErrorCode.STALE_ELEMENT_REFERENCE:\n            exception_class = StaleElementReferenceException\n        elif status in ErrorCode.ELEMENT_NOT_VISIBLE:\n            exception_class = ElementNotVisibleException\n        elif status in ErrorCode.INVALID_ELEMENT_STATE:\n            exception_class = InvalidElementStateException\n        elif (\n            status in ErrorCode.INVALID_SELECTOR\n            or status in ErrorCode.INVALID_XPATH_SELECTOR\n            or status in ErrorCode.INVALID_XPATH_SELECTOR_RETURN_TYPER\n        ):\n            exception_class = InvalidSelectorException\n        elif status in ErrorCode.ELEMENT_IS_NOT_SELECTABLE:\n            exception_class = ElementNotSelectableException\n        elif status in ErrorCode.ELEMENT_NOT_INTERACTABLE:\n            exception_class = ElementNotInteractableException\n        elif status in ErrorCode.INVALID_COOKIE_DOMAIN:\n            exception_class = InvalidCookieDomainException\n        elif status in ErrorCode.UNABLE_TO_SET_COOKIE:\n            exception_class = UnableToSetCookieException\n        elif status in ErrorCode.TIMEOUT:\n            exception_class = TimeoutException\n        elif status in ErrorCode.SCRIPT_TIMEOUT:\n            exception_class = TimeoutException\n        elif status in ErrorCode.UNKNOWN_ERROR:\n            exception_class = WebDriverException\n        elif status in ErrorCode.UNEXPECTED_ALERT_OPEN:\n            exception_class = UnexpectedAlertPresentException\n        elif status in ErrorCode.NO_ALERT_OPEN:\n            exception_class = NoAlertPresentException\n        elif status in ErrorCode.IME_NOT_AVAILABLE:\n            exception_class = ImeNotAvailableException\n        elif status in ErrorCode.IME_ENGINE_ACTIVATION_FAILED:\n            exception_class = ImeActivationFailedException\n        elif status in ErrorCode.MOVE_TARGET_OUT_OF_BOUNDS:\n            exception_class = MoveTargetOutOfBoundsException\n        elif status in ErrorCode.JAVASCRIPT_ERROR:\n            exception_class = JavascriptException\n        elif status in ErrorCode.SESSION_NOT_CREATED:\n            exception_class = SessionNotCreatedException\n        elif status in ErrorCode.INVALID_ARGUMENT:\n            exception_class = InvalidArgumentException\n        elif status in ErrorCode.NO_SUCH_COOKIE:\n            exception_class = NoSuchCookieException\n        elif status in ErrorCode.UNABLE_TO_CAPTURE_SCREEN:\n            exception_class = ScreenshotException\n        elif status in ErrorCode.ELEMENT_CLICK_INTERCEPTED:\n            exception_class = ElementClickInterceptedException\n        elif status in ErrorCode.INSECURE_CERTIFICATE:\n            exception_class = InsecureCertificateException\n        elif status in ErrorCode.INVALID_COORDINATES:\n            exception_class = InvalidCoordinatesException\n        elif status in ErrorCode.INVALID_SESSION_ID:\n            exception_class = InvalidSessionIdException\n        elif status in ErrorCode.UNKNOWN_METHOD:\n            exception_class = UnknownMethodException\n        else:\n            exception_class = WebDriverException\n        if not value:\n            value = response[\"value\"]\n        if isinstance(value, str):\n            raise exception_class(value)\n        if message == \"\" and \"message\" in value:\n            message = value[\"message\"]\n    \n        screen = None  # type: ignore[assignment]\n        if \"screen\" in value:\n            screen = value[\"screen\"]\n    \n        stacktrace = None\n        st_value = value.get(\"stackTrace\") or value.get(\"stacktrace\")\n        if st_value:\n            if isinstance(st_value, str):\n                stacktrace = st_value.split(\"\\n\")\n            else:\n                stacktrace = []\n                try:\n                    for frame in st_value:\n                        line = frame.get(\"lineNumber\", \"\")\n                        file = frame.get(\"fileName\", \"<anonymous>\")\n                        if line:\n                            file = f\"{file}:{line}\"\n                        meth = frame.get(\"methodName\", \"<anonymous>\")\n                        if \"className\" in frame:\n                            meth = f\"{frame['className']}.{meth}\"\n                        msg = \"    at %s (%s)\"\n                        msg = msg % (meth, file)\n                        stacktrace.append(msg)\n                except TypeError:\n                    pass\n        if exception_class == UnexpectedAlertPresentException:\n            alert_text = None\n            if \"data\" in value:\n                alert_text = value[\"data\"].get(\"text\")\n            elif \"alert\" in value:\n                alert_text = value[\"alert\"].get(\"text\")\n            raise exception_class(message, screen, stacktrace, alert_text)  # type: ignore[call-arg]  # mypy is not smart enough here\n>       raise exception_class(message, screen, stacktrace)\nE       selenium.common.exceptions.NoSuchElementException: Message: no such element: Unable to locate element: {\"method\":\"css selector\",\"selector\":\"div.current-temp span.heading\"}\nE         (Session info: headless chrome=113.0.5672.63)\nE       Stacktrace:\nE       #0 0x556ce3ad8133 <unknown>\nE       #1 0x556ce380c966 <unknown>\nE       #2 0x556ce38490dc <unknown>\nE       #3 0x556ce3849211 <unknown>\nE       #4 0x556ce38836c4 <unknown>\nE       #5 0x556ce3868bfd <unknown>\nE       #6 0x556ce38811c7 <unknown>\nE       #7 0x556ce38689a3 <unknown>\nE       #8 0x556ce383d46a <unknown>\nE       #9 0x556ce383e55e <unknown>\nE       #10 0x556ce3a97cae <unknown>\nE       #11 0x556ce3a9b8fe <unknown>\nE       #12 0x556ce3aa4f20 <unknown>\nE       #13 0x556ce3a9c923 <unknown>\nE       #14 0x556ce3a6fc0e <unknown>\nE       #15 0x556ce3abfb08 <unknown>\nE       #16 0x556ce3abfc97 <unknown>\nE       #17 0x556ce3ad0113 <unknown>\nE       #18 0x7f0703b02b43 <unknown>\n\n/opt/hostedtoolcache/Python/3.10.11/x64/lib/python3.10/site-packages/selenium/webdriver/remote/errorhandler.py:245: NoSuchElementException","steps":[],"attachments":[{"uid":"a96f648b04ea232b","name":"Screenshot","source":"a96f648b04ea232b.png","type":"image/png","size":524865},{"uid":"9557c03f05f2954f","name":"HTML source","source":"9557c03f05f2954f.html","type":"text/html","size":178637},{"uid":"7e4619b90b378993","name":"stdout","source":"7e4619b90b378993.txt","type":"text/plain","size":35}],"parameters":[],"stepsCount":0,"attachmentsCount":3,"shouldDisplayMessage":true,"hasContent":true},"afterStages":[{"name":"driver::0","time":{"start":1685322915456,"stop":1685322915518,"duration":62},"status":"passed","steps":[],"attachments":[],"parameters":[],"stepsCount":0,"attachmentsCount":0,"shouldDisplayMessage":false,"hasContent":false},{"name":"wait::0","time":{"start":1685322915456,"stop":1685322915456,"duration":0},"status":"passed","steps":[],"attachments":[],"parameters":[],"stepsCount":0,"attachmentsCount":0,"shouldDisplayMessage":false,"hasContent":false}],"labels":[{"name":"parentSuite","value":"tests.test_group_trust_me_i_am_engineer.tests"},{"name":"suite","value":"tmie_main_page_test"},{"name":"host","value":"fv-az1242-104"},{"name":"thread","value":"2325-MainThread"},{"name":"framework","value":"pytest"},{"name":"language","value":"cpython3"},{"name":"package","value":"tests.test_group_trust_me_i_am_engineer.tests.tmie_main_page_test"},{"name":"resultFormat","value":"allure2"}],"parameters":[],"links":[],"hidden":false,"retry":false,"extra":{"severity":"normal","retries":[],"categories":[{"name":"Test defects","matchedStatuses":[],"flaky":false}],"history":{"statistic":{"failed":0,"broken":3,"skipped":0,"passed":5,"unknown":0,"total":8},"items":[{"uid":"fba723090b651037","reportUrl":"https://RedRoverSchool.github.io/OpenWeatherPython_06/7//#testresult/fba723090b651037","status":"passed","time":{"start":1685259238355,"stop":1685259238446,"duration":91}},{"uid":"1acac292bac0fcf6","reportUrl":"https://RedRoverSchool.github.io/OpenWeatherPython_06/6//#testresult/1acac292bac0fcf6","status":"passed","time":{"start":1685255734357,"stop":1685255734441,"duration":84}},{"uid":"aea0e4e000388a08","reportUrl":"https://RedRoverSchool.github.io/OpenWeatherPython_06/5//#testresult/aea0e4e000388a08","status":"passed","time":{"start":1685251676190,"stop":1685251676263,"duration":73}},{"uid":"45ce4b565b77955","reportUrl":"https://RedRoverSchool.github.io/OpenWeatherPython_06/4//#testresult/45ce4b565b77955","status":"passed","time":{"start":1685248293774,"stop":1685248293848,"duration":74}},{"uid":"34f5becaaeed0197","reportUrl":"https://RedRoverSchool.github.io/OpenWeatherPython_06/3//#testresult/34f5becaaeed0197","status":"passed","time":{"start":1685245417933,"stop":1685245418015,"duration":82}},{"uid":"c1c35536fee13687","reportUrl":"https://RedRoverSchool.github.io/OpenWeatherPython_06/2//#testresult/c1c35536fee13687","status":"broken","statusDetails":"selenium.common.exceptions.NoSuchElementException: Message: no such element: Unable to locate element: {\"method\":\"css selector\",\"selector\":\"div.current-temp span.heading\"}\n  (Session info: headless chrome=113.0.5672.63)\nStacktrace:\n#0 0x562b8d003133 <unknown>\n#1 0x562b8cd37966 <unknown>\n#2 0x562b8cd740dc <unknown>\n#3 0x562b8cd74211 <unknown>\n#4 0x562b8cdae6c4 <unknown>\n#5 0x562b8cd93bfd <unknown>\n#6 0x562b8cdac1c7 <unknown>\n#7 0x562b8cd939a3 <unknown>\n#8 0x562b8cd6846a <unknown>\n#9 0x562b8cd6955e <unknown>\n#10 0x562b8cfc2cae <unknown>\n#11 0x562b8cfc68fe <unknown>\n#12 0x562b8cfcff20 <unknown>\n#13 0x562b8cfc7923 <unknown>\n#14 0x562b8cf9ac0e <unknown>\n#15 0x562b8cfeab08 <unknown>\n#16 0x562b8cfeac97 <unknown>\n#17 0x562b8cffb113 <unknown>\n#18 0x7f3ca6d02b43 <unknown>","time":{"start":1685242980416,"stop":1685242980478,"duration":62}},{"uid":"fb4d30ca444e71b1","reportUrl":"https://RedRoverSchool.github.io/OpenWeatherPython_06/1//#testresult/fb4d30ca444e71b1","status":"broken","statusDetails":"selenium.common.exceptions.NoSuchElementException: Message: no such element: Unable to locate element: {\"method\":\"css selector\",\"selector\":\"div.current-temp span.heading\"}\n  (Session info: headless chrome=113.0.5672.63)\nStacktrace:\n#0 0x55fb0dee5133 <unknown>\n#1 0x55fb0dc19966 <unknown>\n#2 0x55fb0dc560dc <unknown>\n#3 0x55fb0dc56211 <unknown>\n#4 0x55fb0dc906c4 <unknown>\n#5 0x55fb0dc75bfd <unknown>\n#6 0x55fb0dc8e1c7 <unknown>\n#7 0x55fb0dc759a3 <unknown>\n#8 0x55fb0dc4a46a <unknown>\n#9 0x55fb0dc4b55e <unknown>\n#10 0x55fb0dea4cae <unknown>\n#11 0x55fb0dea88fe <unknown>\n#12 0x55fb0deb1f20 <unknown>\n#13 0x55fb0dea9923 <unknown>\n#14 0x55fb0de7cc0e <unknown>\n#15 0x55fb0deccb08 <unknown>\n#16 0x55fb0deccc97 <unknown>\n#17 0x55fb0dedd113 <unknown>\n#18 0x7f974633ab43 <unknown>","time":{"start":1685239533287,"stop":1685239533347,"duration":60}}]},"tags":[]},"source":"aa6f4eff06a2ed85.json","parameterValues":[]}