{"uid":"b9dc627e001eb1a8","name":"test_TC_001_02_01_verify_temperature_switched_on_metric_system","fullName":"tests.test_main_page_ow6.TestMainPage#test_TC_001_02_01_verify_temperature_switched_on_metric_system","historyId":"859ef9af87303e8a60ec11f11e2569df","time":{"start":1687309429171,"stop":1687309429251,"duration":80},"status":"broken","statusMessage":"selenium.common.exceptions.NoSuchElementException: Message: no such element: Unable to locate element: {\"method\":\"css selector\",\"selector\":\"div.current-temp span.heading\"}\n  (Session info: headless chrome=114.0.5735.106)\nStacktrace:\n#0 0x564dc3f904e3 <unknown>\n#1 0x564dc3cbfc76 <unknown>\n#2 0x564dc3cfbc96 <unknown>\n#3 0x564dc3cfbdc1 <unknown>\n#4 0x564dc3d357f4 <unknown>\n#5 0x564dc3d1b03d <unknown>\n#6 0x564dc3d3330e <unknown>\n#7 0x564dc3d1ade3 <unknown>\n#8 0x564dc3cf02dd <unknown>\n#9 0x564dc3cf134e <unknown>\n#10 0x564dc3f503e4 <unknown>\n#11 0x564dc3f543d7 <unknown>\n#12 0x564dc3f5eb20 <unknown>\n#13 0x564dc3f55023 <unknown>\n#14 0x564dc3f231aa <unknown>\n#15 0x564dc3f796b8 <unknown>\n#16 0x564dc3f79847 <unknown>\n#17 0x564dc3f89243 <unknown>\n#18 0x7fcdea3f4b43 <unknown>","statusTrace":"self = <test_main_page_ow6.TestMainPage object at 0x7f1a320d4c40>\ndriver = <selenium.webdriver.chrome.webdriver.WebDriver (session=\"e5ac20675b71b74fa935162a9142f5ca\")>\nopen_and_load_main_page = None\n\n    def test_TC_001_02_01_verify_temperature_switched_on_metric_system(self, driver, open_and_load_main_page):\n        page = MainPage(driver)\n>       page.checking_the_temperature_system_switching(\"°C\")\n\ntests/test_main_page_ow6.py:92: \n_ _ _ _ _ _ _ _ _ _ _ _ _ _ _ _ _ _ _ _ _ _ _ _ _ _ _ _ _ _ _ _ _ _ _ _ _ _ _ _ \npages/main_page.py:231: in checking_the_temperature_system_switching\n    current_temp = self.driver.find_element(*self.locators.CURRENT_TEMP)\n/opt/hostedtoolcache/Python/3.10.12/x64/lib/python3.10/site-packages/selenium/webdriver/remote/webdriver.py:831: in find_element\n    return self.execute(Command.FIND_ELEMENT, {\"using\": by, \"value\": value})[\"value\"]\n/opt/hostedtoolcache/Python/3.10.12/x64/lib/python3.10/site-packages/selenium/webdriver/remote/webdriver.py:440: in execute\n    self.error_handler.check_response(response)\n_ _ _ _ _ _ _ _ _ _ _ _ _ _ _ _ _ _ _ _ _ _ _ _ _ _ _ _ _ _ _ _ _ _ _ _ _ _ _ _ \n\nself = <selenium.webdriver.remote.errorhandler.ErrorHandler object at 0x7f1a30e41810>\nresponse = {'status': 404, 'value': '{\"value\":{\"error\":\"no such element\",\"message\":\"no such element: Unable to locate element: {\\...\\\\n#16 0x564dc3f79847 \\\\u003Cunknown>\\\\n#17 0x564dc3f89243 \\\\u003Cunknown>\\\\n#18 0x7fcdea3f4b43 \\\\u003Cunknown>\\\\n\"}}'}\n\n    def check_response(self, response: Dict[str, Any]) -> None:\n        \"\"\"Checks that a JSON response from the WebDriver does not have an\n        error.\n    \n        :Args:\n         - response - The JSON response from the WebDriver server as a dictionary\n           object.\n    \n        :Raises: If the response contains an error message.\n        \"\"\"\n        status = response.get(\"status\", None)\n        if not status or status == ErrorCode.SUCCESS:\n            return\n        value = None\n        message = response.get(\"message\", \"\")\n        screen: str = response.get(\"screen\", \"\")\n        stacktrace = None\n        if isinstance(status, int):\n            value_json = response.get(\"value\", None)\n            if value_json and isinstance(value_json, str):\n                import json\n    \n                try:\n                    value = json.loads(value_json)\n                    if len(value) == 1:\n                        value = value[\"value\"]\n                    status = value.get(\"error\", None)\n                    if not status:\n                        status = value.get(\"status\", ErrorCode.UNKNOWN_ERROR)\n                        message = value.get(\"value\") or value.get(\"message\")\n                        if not isinstance(message, str):\n                            value = message\n                            message = message.get(\"message\")\n                    else:\n                        message = value.get(\"message\", None)\n                except ValueError:\n                    pass\n    \n        exception_class: Type[WebDriverException]\n        if status in ErrorCode.NO_SUCH_ELEMENT:\n            exception_class = NoSuchElementException\n        elif status in ErrorCode.NO_SUCH_FRAME:\n            exception_class = NoSuchFrameException\n        elif status in ErrorCode.NO_SUCH_SHADOW_ROOT:\n            exception_class = NoSuchShadowRootException\n        elif status in ErrorCode.NO_SUCH_WINDOW:\n            exception_class = NoSuchWindowException\n        elif status in ErrorCode.STALE_ELEMENT_REFERENCE:\n            exception_class = StaleElementReferenceException\n        elif status in ErrorCode.ELEMENT_NOT_VISIBLE:\n            exception_class = ElementNotVisibleException\n        elif status in ErrorCode.INVALID_ELEMENT_STATE:\n            exception_class = InvalidElementStateException\n        elif (\n            status in ErrorCode.INVALID_SELECTOR\n            or status in ErrorCode.INVALID_XPATH_SELECTOR\n            or status in ErrorCode.INVALID_XPATH_SELECTOR_RETURN_TYPER\n        ):\n            exception_class = InvalidSelectorException\n        elif status in ErrorCode.ELEMENT_IS_NOT_SELECTABLE:\n            exception_class = ElementNotSelectableException\n        elif status in ErrorCode.ELEMENT_NOT_INTERACTABLE:\n            exception_class = ElementNotInteractableException\n        elif status in ErrorCode.INVALID_COOKIE_DOMAIN:\n            exception_class = InvalidCookieDomainException\n        elif status in ErrorCode.UNABLE_TO_SET_COOKIE:\n            exception_class = UnableToSetCookieException\n        elif status in ErrorCode.TIMEOUT:\n            exception_class = TimeoutException\n        elif status in ErrorCode.SCRIPT_TIMEOUT:\n            exception_class = TimeoutException\n        elif status in ErrorCode.UNKNOWN_ERROR:\n            exception_class = WebDriverException\n        elif status in ErrorCode.UNEXPECTED_ALERT_OPEN:\n            exception_class = UnexpectedAlertPresentException\n        elif status in ErrorCode.NO_ALERT_OPEN:\n            exception_class = NoAlertPresentException\n        elif status in ErrorCode.IME_NOT_AVAILABLE:\n            exception_class = ImeNotAvailableException\n        elif status in ErrorCode.IME_ENGINE_ACTIVATION_FAILED:\n            exception_class = ImeActivationFailedException\n        elif status in ErrorCode.MOVE_TARGET_OUT_OF_BOUNDS:\n            exception_class = MoveTargetOutOfBoundsException\n        elif status in ErrorCode.JAVASCRIPT_ERROR:\n            exception_class = JavascriptException\n        elif status in ErrorCode.SESSION_NOT_CREATED:\n            exception_class = SessionNotCreatedException\n        elif status in ErrorCode.INVALID_ARGUMENT:\n            exception_class = InvalidArgumentException\n        elif status in ErrorCode.NO_SUCH_COOKIE:\n            exception_class = NoSuchCookieException\n        elif status in ErrorCode.UNABLE_TO_CAPTURE_SCREEN:\n            exception_class = ScreenshotException\n        elif status in ErrorCode.ELEMENT_CLICK_INTERCEPTED:\n            exception_class = ElementClickInterceptedException\n        elif status in ErrorCode.INSECURE_CERTIFICATE:\n            exception_class = InsecureCertificateException\n        elif status in ErrorCode.INVALID_COORDINATES:\n            exception_class = InvalidCoordinatesException\n        elif status in ErrorCode.INVALID_SESSION_ID:\n            exception_class = InvalidSessionIdException\n        elif status in ErrorCode.UNKNOWN_METHOD:\n            exception_class = UnknownMethodException\n        else:\n            exception_class = WebDriverException\n        if not value:\n            value = response[\"value\"]\n        if isinstance(value, str):\n            raise exception_class(value)\n        if message == \"\" and \"message\" in value:\n            message = value[\"message\"]\n    \n        screen = None  # type: ignore[assignment]\n        if \"screen\" in value:\n            screen = value[\"screen\"]\n    \n        stacktrace = None\n        st_value = value.get(\"stackTrace\") or value.get(\"stacktrace\")\n        if st_value:\n            if isinstance(st_value, str):\n                stacktrace = st_value.split(\"\\n\")\n            else:\n                stacktrace = []\n                try:\n                    for frame in st_value:\n                        line = frame.get(\"lineNumber\", \"\")\n                        file = frame.get(\"fileName\", \"<anonymous>\")\n                        if line:\n                            file = f\"{file}:{line}\"\n                        meth = frame.get(\"methodName\", \"<anonymous>\")\n                        if \"className\" in frame:\n                            meth = f\"{frame['className']}.{meth}\"\n                        msg = \"    at %s (%s)\"\n                        msg = msg % (meth, file)\n                        stacktrace.append(msg)\n                except TypeError:\n                    pass\n        if exception_class == UnexpectedAlertPresentException:\n            alert_text = None\n            if \"data\" in value:\n                alert_text = value[\"data\"].get(\"text\")\n            elif \"alert\" in value:\n                alert_text = value[\"alert\"].get(\"text\")\n            raise exception_class(message, screen, stacktrace, alert_text)  # type: ignore[call-arg]  # mypy is not smart enough here\n>       raise exception_class(message, screen, stacktrace)\nE       selenium.common.exceptions.NoSuchElementException: Message: no such element: Unable to locate element: {\"method\":\"css selector\",\"selector\":\"div.current-temp span.heading\"}\nE         (Session info: headless chrome=114.0.5735.106)\nE       Stacktrace:\nE       #0 0x564dc3f904e3 <unknown>\nE       #1 0x564dc3cbfc76 <unknown>\nE       #2 0x564dc3cfbc96 <unknown>\nE       #3 0x564dc3cfbdc1 <unknown>\nE       #4 0x564dc3d357f4 <unknown>\nE       #5 0x564dc3d1b03d <unknown>\nE       #6 0x564dc3d3330e <unknown>\nE       #7 0x564dc3d1ade3 <unknown>\nE       #8 0x564dc3cf02dd <unknown>\nE       #9 0x564dc3cf134e <unknown>\nE       #10 0x564dc3f503e4 <unknown>\nE       #11 0x564dc3f543d7 <unknown>\nE       #12 0x564dc3f5eb20 <unknown>\nE       #13 0x564dc3f55023 <unknown>\nE       #14 0x564dc3f231aa <unknown>\nE       #15 0x564dc3f796b8 <unknown>\nE       #16 0x564dc3f79847 <unknown>\nE       #17 0x564dc3f89243 <unknown>\nE       #18 0x7fcdea3f4b43 <unknown>\n\n/opt/hostedtoolcache/Python/3.10.12/x64/lib/python3.10/site-packages/selenium/webdriver/remote/errorhandler.py:245: NoSuchElementException","flaky":false,"newFailed":false,"newBroken":true,"newPassed":false,"retriesCount":0,"retriesStatusChange":false,"beforeStages":[{"name":"driver","time":{"start":1687309420783,"stop":1687309421594,"duration":811},"status":"passed","steps":[],"attachments":[],"parameters":[],"stepsCount":0,"attachmentsCount":0,"shouldDisplayMessage":false,"hasContent":false},{"name":"wait","time":{"start":1687309421594,"stop":1687309421595,"duration":1},"status":"passed","steps":[],"attachments":[],"parameters":[],"stepsCount":0,"attachmentsCount":0,"shouldDisplayMessage":false,"hasContent":false},{"name":"open_and_load_main_page","time":{"start":1687309421595,"stop":1687309429170,"duration":7575},"status":"passed","steps":[],"attachments":[],"parameters":[],"stepsCount":0,"attachmentsCount":0,"shouldDisplayMessage":false,"hasContent":false}],"testStage":{"status":"broken","statusMessage":"selenium.common.exceptions.NoSuchElementException: Message: no such element: Unable to locate element: {\"method\":\"css selector\",\"selector\":\"div.current-temp span.heading\"}\n  (Session info: headless chrome=114.0.5735.106)\nStacktrace:\n#0 0x564dc3f904e3 <unknown>\n#1 0x564dc3cbfc76 <unknown>\n#2 0x564dc3cfbc96 <unknown>\n#3 0x564dc3cfbdc1 <unknown>\n#4 0x564dc3d357f4 <unknown>\n#5 0x564dc3d1b03d <unknown>\n#6 0x564dc3d3330e <unknown>\n#7 0x564dc3d1ade3 <unknown>\n#8 0x564dc3cf02dd <unknown>\n#9 0x564dc3cf134e <unknown>\n#10 0x564dc3f503e4 <unknown>\n#11 0x564dc3f543d7 <unknown>\n#12 0x564dc3f5eb20 <unknown>\n#13 0x564dc3f55023 <unknown>\n#14 0x564dc3f231aa <unknown>\n#15 0x564dc3f796b8 <unknown>\n#16 0x564dc3f79847 <unknown>\n#17 0x564dc3f89243 <unknown>\n#18 0x7fcdea3f4b43 <unknown>","statusTrace":"self = <test_main_page_ow6.TestMainPage object at 0x7f1a320d4c40>\ndriver = <selenium.webdriver.chrome.webdriver.WebDriver (session=\"e5ac20675b71b74fa935162a9142f5ca\")>\nopen_and_load_main_page = None\n\n    def test_TC_001_02_01_verify_temperature_switched_on_metric_system(self, driver, open_and_load_main_page):\n        page = MainPage(driver)\n>       page.checking_the_temperature_system_switching(\"°C\")\n\ntests/test_main_page_ow6.py:92: \n_ _ _ _ _ _ _ _ _ _ _ _ _ _ _ _ _ _ _ _ _ _ _ _ _ _ _ _ _ _ _ _ _ _ _ _ _ _ _ _ \npages/main_page.py:231: in checking_the_temperature_system_switching\n    current_temp = self.driver.find_element(*self.locators.CURRENT_TEMP)\n/opt/hostedtoolcache/Python/3.10.12/x64/lib/python3.10/site-packages/selenium/webdriver/remote/webdriver.py:831: in find_element\n    return self.execute(Command.FIND_ELEMENT, {\"using\": by, \"value\": value})[\"value\"]\n/opt/hostedtoolcache/Python/3.10.12/x64/lib/python3.10/site-packages/selenium/webdriver/remote/webdriver.py:440: in execute\n    self.error_handler.check_response(response)\n_ _ _ _ _ _ _ _ _ _ _ _ _ _ _ _ _ _ _ _ _ _ _ _ _ _ _ _ _ _ _ _ _ _ _ _ _ _ _ _ \n\nself = <selenium.webdriver.remote.errorhandler.ErrorHandler object at 0x7f1a30e41810>\nresponse = {'status': 404, 'value': '{\"value\":{\"error\":\"no such element\",\"message\":\"no such element: Unable to locate element: {\\...\\\\n#16 0x564dc3f79847 \\\\u003Cunknown>\\\\n#17 0x564dc3f89243 \\\\u003Cunknown>\\\\n#18 0x7fcdea3f4b43 \\\\u003Cunknown>\\\\n\"}}'}\n\n    def check_response(self, response: Dict[str, Any]) -> None:\n        \"\"\"Checks that a JSON response from the WebDriver does not have an\n        error.\n    \n        :Args:\n         - response - The JSON response from the WebDriver server as a dictionary\n           object.\n    \n        :Raises: If the response contains an error message.\n        \"\"\"\n        status = response.get(\"status\", None)\n        if not status or status == ErrorCode.SUCCESS:\n            return\n        value = None\n        message = response.get(\"message\", \"\")\n        screen: str = response.get(\"screen\", \"\")\n        stacktrace = None\n        if isinstance(status, int):\n            value_json = response.get(\"value\", None)\n            if value_json and isinstance(value_json, str):\n                import json\n    \n                try:\n                    value = json.loads(value_json)\n                    if len(value) == 1:\n                        value = value[\"value\"]\n                    status = value.get(\"error\", None)\n                    if not status:\n                        status = value.get(\"status\", ErrorCode.UNKNOWN_ERROR)\n                        message = value.get(\"value\") or value.get(\"message\")\n                        if not isinstance(message, str):\n                            value = message\n                            message = message.get(\"message\")\n                    else:\n                        message = value.get(\"message\", None)\n                except ValueError:\n                    pass\n    \n        exception_class: Type[WebDriverException]\n        if status in ErrorCode.NO_SUCH_ELEMENT:\n            exception_class = NoSuchElementException\n        elif status in ErrorCode.NO_SUCH_FRAME:\n            exception_class = NoSuchFrameException\n        elif status in ErrorCode.NO_SUCH_SHADOW_ROOT:\n            exception_class = NoSuchShadowRootException\n        elif status in ErrorCode.NO_SUCH_WINDOW:\n            exception_class = NoSuchWindowException\n        elif status in ErrorCode.STALE_ELEMENT_REFERENCE:\n            exception_class = StaleElementReferenceException\n        elif status in ErrorCode.ELEMENT_NOT_VISIBLE:\n            exception_class = ElementNotVisibleException\n        elif status in ErrorCode.INVALID_ELEMENT_STATE:\n            exception_class = InvalidElementStateException\n        elif (\n            status in ErrorCode.INVALID_SELECTOR\n            or status in ErrorCode.INVALID_XPATH_SELECTOR\n            or status in ErrorCode.INVALID_XPATH_SELECTOR_RETURN_TYPER\n        ):\n            exception_class = InvalidSelectorException\n        elif status in ErrorCode.ELEMENT_IS_NOT_SELECTABLE:\n            exception_class = ElementNotSelectableException\n        elif status in ErrorCode.ELEMENT_NOT_INTERACTABLE:\n            exception_class = ElementNotInteractableException\n        elif status in ErrorCode.INVALID_COOKIE_DOMAIN:\n            exception_class = InvalidCookieDomainException\n        elif status in ErrorCode.UNABLE_TO_SET_COOKIE:\n            exception_class = UnableToSetCookieException\n        elif status in ErrorCode.TIMEOUT:\n            exception_class = TimeoutException\n        elif status in ErrorCode.SCRIPT_TIMEOUT:\n            exception_class = TimeoutException\n        elif status in ErrorCode.UNKNOWN_ERROR:\n            exception_class = WebDriverException\n        elif status in ErrorCode.UNEXPECTED_ALERT_OPEN:\n            exception_class = UnexpectedAlertPresentException\n        elif status in ErrorCode.NO_ALERT_OPEN:\n            exception_class = NoAlertPresentException\n        elif status in ErrorCode.IME_NOT_AVAILABLE:\n            exception_class = ImeNotAvailableException\n        elif status in ErrorCode.IME_ENGINE_ACTIVATION_FAILED:\n            exception_class = ImeActivationFailedException\n        elif status in ErrorCode.MOVE_TARGET_OUT_OF_BOUNDS:\n            exception_class = MoveTargetOutOfBoundsException\n        elif status in ErrorCode.JAVASCRIPT_ERROR:\n            exception_class = JavascriptException\n        elif status in ErrorCode.SESSION_NOT_CREATED:\n            exception_class = SessionNotCreatedException\n        elif status in ErrorCode.INVALID_ARGUMENT:\n            exception_class = InvalidArgumentException\n        elif status in ErrorCode.NO_SUCH_COOKIE:\n            exception_class = NoSuchCookieException\n        elif status in ErrorCode.UNABLE_TO_CAPTURE_SCREEN:\n            exception_class = ScreenshotException\n        elif status in ErrorCode.ELEMENT_CLICK_INTERCEPTED:\n            exception_class = ElementClickInterceptedException\n        elif status in ErrorCode.INSECURE_CERTIFICATE:\n            exception_class = InsecureCertificateException\n        elif status in ErrorCode.INVALID_COORDINATES:\n            exception_class = InvalidCoordinatesException\n        elif status in ErrorCode.INVALID_SESSION_ID:\n            exception_class = InvalidSessionIdException\n        elif status in ErrorCode.UNKNOWN_METHOD:\n            exception_class = UnknownMethodException\n        else:\n            exception_class = WebDriverException\n        if not value:\n            value = response[\"value\"]\n        if isinstance(value, str):\n            raise exception_class(value)\n        if message == \"\" and \"message\" in value:\n            message = value[\"message\"]\n    \n        screen = None  # type: ignore[assignment]\n        if \"screen\" in value:\n            screen = value[\"screen\"]\n    \n        stacktrace = None\n        st_value = value.get(\"stackTrace\") or value.get(\"stacktrace\")\n        if st_value:\n            if isinstance(st_value, str):\n                stacktrace = st_value.split(\"\\n\")\n            else:\n                stacktrace = []\n                try:\n                    for frame in st_value:\n                        line = frame.get(\"lineNumber\", \"\")\n                        file = frame.get(\"fileName\", \"<anonymous>\")\n                        if line:\n                            file = f\"{file}:{line}\"\n                        meth = frame.get(\"methodName\", \"<anonymous>\")\n                        if \"className\" in frame:\n                            meth = f\"{frame['className']}.{meth}\"\n                        msg = \"    at %s (%s)\"\n                        msg = msg % (meth, file)\n                        stacktrace.append(msg)\n                except TypeError:\n                    pass\n        if exception_class == UnexpectedAlertPresentException:\n            alert_text = None\n            if \"data\" in value:\n                alert_text = value[\"data\"].get(\"text\")\n            elif \"alert\" in value:\n                alert_text = value[\"alert\"].get(\"text\")\n            raise exception_class(message, screen, stacktrace, alert_text)  # type: ignore[call-arg]  # mypy is not smart enough here\n>       raise exception_class(message, screen, stacktrace)\nE       selenium.common.exceptions.NoSuchElementException: Message: no such element: Unable to locate element: {\"method\":\"css selector\",\"selector\":\"div.current-temp span.heading\"}\nE         (Session info: headless chrome=114.0.5735.106)\nE       Stacktrace:\nE       #0 0x564dc3f904e3 <unknown>\nE       #1 0x564dc3cbfc76 <unknown>\nE       #2 0x564dc3cfbc96 <unknown>\nE       #3 0x564dc3cfbdc1 <unknown>\nE       #4 0x564dc3d357f4 <unknown>\nE       #5 0x564dc3d1b03d <unknown>\nE       #6 0x564dc3d3330e <unknown>\nE       #7 0x564dc3d1ade3 <unknown>\nE       #8 0x564dc3cf02dd <unknown>\nE       #9 0x564dc3cf134e <unknown>\nE       #10 0x564dc3f503e4 <unknown>\nE       #11 0x564dc3f543d7 <unknown>\nE       #12 0x564dc3f5eb20 <unknown>\nE       #13 0x564dc3f55023 <unknown>\nE       #14 0x564dc3f231aa <unknown>\nE       #15 0x564dc3f796b8 <unknown>\nE       #16 0x564dc3f79847 <unknown>\nE       #17 0x564dc3f89243 <unknown>\nE       #18 0x7fcdea3f4b43 <unknown>\n\n/opt/hostedtoolcache/Python/3.10.12/x64/lib/python3.10/site-packages/selenium/webdriver/remote/errorhandler.py:245: NoSuchElementException","steps":[],"attachments":[{"uid":"b104de6fcfefacd2","name":"Screenshot","source":"b104de6fcfefacd2.png","type":"image/png","size":408756},{"uid":"4f2c44a3ae0a884d","name":"HTML source","source":"4f2c44a3ae0a884d.html","type":"text/html","size":178770},{"uid":"ed043091499c3b31","name":"stdout","source":"ed043091499c3b31.txt","type":"text/plain","size":35}],"parameters":[],"stepsCount":0,"attachmentsCount":3,"shouldDisplayMessage":true,"hasContent":true},"afterStages":[{"name":"driver::0","time":{"start":1687309429690,"stop":1687309429752,"duration":62},"status":"passed","steps":[],"attachments":[],"parameters":[],"stepsCount":0,"attachmentsCount":0,"shouldDisplayMessage":false,"hasContent":false},{"name":"wait::0","time":{"start":1687309429690,"stop":1687309429690,"duration":0},"status":"passed","steps":[],"attachments":[],"parameters":[],"stepsCount":0,"attachmentsCount":0,"shouldDisplayMessage":false,"hasContent":false}],"labels":[{"name":"parentSuite","value":"tests"},{"name":"suite","value":"test_main_page_ow6"},{"name":"subSuite","value":"TestMainPage"},{"name":"host","value":"fv-az360-66"},{"name":"thread","value":"2427-MainThread"},{"name":"framework","value":"pytest"},{"name":"language","value":"cpython3"},{"name":"package","value":"tests.test_main_page_ow6"},{"name":"resultFormat","value":"allure2"}],"parameters":[],"links":[],"hidden":false,"retry":false,"extra":{"severity":"normal","retries":[],"categories":[{"name":"Test defects","matchedStatuses":[],"flaky":false}],"history":{"statistic":{"failed":0,"broken":2,"skipped":0,"passed":10,"unknown":0,"total":12},"items":[{"uid":"b24043b5138058f7","reportUrl":"https://RedRoverSchool.github.io/OpenWeatherPython_06/23//#testresult/b24043b5138058f7","status":"passed","time":{"start":1687222849051,"stop":1687222849123,"duration":72}},{"uid":"806efac8635b2129","reportUrl":"https://RedRoverSchool.github.io/OpenWeatherPython_06/22//#testresult/806efac8635b2129","status":"passed","time":{"start":1687136576806,"stop":1687136576884,"duration":78}},{"uid":"87796b2773eb0d71","reportUrl":"https://RedRoverSchool.github.io/OpenWeatherPython_06/21//#testresult/87796b2773eb0d71","status":"passed","time":{"start":1687050564868,"stop":1687050564958,"duration":90}},{"uid":"e01fd5ff0698cf25","reportUrl":"https://RedRoverSchool.github.io/OpenWeatherPython_06/20//#testresult/e01fd5ff0698cf25","status":"passed","time":{"start":1686963540280,"stop":1686963540350,"duration":70}},{"uid":"ac9750afb8fe181b","reportUrl":"https://RedRoverSchool.github.io/OpenWeatherPython_06/19//#testresult/ac9750afb8fe181b","status":"passed","time":{"start":1686877374156,"stop":1686877374230,"duration":74}},{"uid":"a24d3d997ed900a9","reportUrl":"https://RedRoverSchool.github.io/OpenWeatherPython_06/18//#testresult/a24d3d997ed900a9","status":"passed","time":{"start":1686790869013,"stop":1686790869085,"duration":72}},{"uid":"ae9915b462d3fa7b","reportUrl":"https://RedRoverSchool.github.io/OpenWeatherPython_06/17//#testresult/ae9915b462d3fa7b","status":"passed","time":{"start":1686704524594,"stop":1686704524665,"duration":71}},{"uid":"8670ee5068d7f2b3","reportUrl":"https://RedRoverSchool.github.io/OpenWeatherPython_06/14//#testresult/8670ee5068d7f2b3","status":"passed","time":{"start":1686445667094,"stop":1686445667167,"duration":73}},{"uid":"6a9d986f51e1f74d","reportUrl":"https://RedRoverSchool.github.io/OpenWeatherPython_06/13//#testresult/6a9d986f51e1f74d","status":"passed","time":{"start":1686358725381,"stop":1686358725455,"duration":74}},{"uid":"2b39e83a0385df2a","reportUrl":"https://RedRoverSchool.github.io/OpenWeatherPython_06/12//#testresult/2b39e83a0385df2a","status":"passed","time":{"start":1686272698748,"stop":1686272698846,"duration":98}},{"uid":"4e002b886615f8f8","reportUrl":"https://RedRoverSchool.github.io/OpenWeatherPython_06/11//#testresult/4e002b886615f8f8","status":"broken","statusDetails":"selenium.common.exceptions.NoSuchElementException: Message: no such element: Unable to locate element: {\"method\":\"css selector\",\"selector\":\"div.current-temp span.heading\"}\n  (Session info: headless chrome=113.0.5672.126)\nStacktrace:\n#0 0x5610c6286133 <unknown>\n#1 0x5610c5fba966 <unknown>\n#2 0x5610c5ff70dc <unknown>\n#3 0x5610c5ff7211 <unknown>\n#4 0x5610c60316c4 <unknown>\n#5 0x5610c6016bfd <unknown>\n#6 0x5610c602f1c7 <unknown>\n#7 0x5610c60169a3 <unknown>\n#8 0x5610c5feb46a <unknown>\n#9 0x5610c5fec55e <unknown>\n#10 0x5610c6245cae <unknown>\n#11 0x5610c62498fe <unknown>\n#12 0x5610c6252f20 <unknown>\n#13 0x5610c624a923 <unknown>\n#14 0x5610c621dc0e <unknown>\n#15 0x5610c626db08 <unknown>\n#16 0x5610c626dc97 <unknown>\n#17 0x5610c627e113 <unknown>\n#18 0x7fcd8f032b43 <unknown>","time":{"start":1686186163195,"stop":1686186163261,"duration":66}}]},"tags":[]},"source":"b9dc627e001eb1a8.json","parameterValues":[]}